<?xml version="1.0" encoding="UTF-8"?>
<!-- Generated by org.testng.reporters.JUnitReportReporter -->
<testsuite hostname="WACPT093" name="TestingFuseSite.Login2" tests="1" failures="0" timestamp="22 Jul 2019 08:00:19 GMT" time="90.137" errors="0">
  <testcase name="loginTestPom" time="90.137" classname="TestingFuseSite.Login2"/>
</testsuite> <!-- TestingFuseSite.Login2 -->
