<?xml version="1.0" encoding="UTF-8"?>
<!-- Generated by org.testng.reporters.JUnitReportReporter -->
<testsuite hostname="WACPT093" name="TestingFuseSite.TestLogin" tests="1" failures="0" timestamp="22 Jul 2019 10:10:05 GMT" time="74.854" errors="0">
  <testcase name="loginTestPom" time="74.854" classname="TestingFuseSite.TestLogin"/>
</testsuite> <!-- TestingFuseSite.TestLogin -->
